C51 COMPILER V9.51   LCD                                                                   08/04/2017 16:59:19 PAGE 1   


C51 COMPILER V9.51, COMPILATION OF MODULE LCD
OBJECT MODULE PLACED IN lcd.OBJ
COMPILER INVOKED BY: D:\Keil\C51\BIN\C51.EXE lcd.c BROWSE DEBUG OBJECTEXTEND TABS(2)

line level    source

   1          /*********************************************************************
   2          由于协会开发板数据端口与1602数据手册数据端口相反
   3          1602数据手册端口 D0     D1    D2    D3      D4      D5      D6      D7 
   4          对应I/O口    P^0  P^1   P^2 P^3   P^4   P^5   P^6   P^7
   5          协会开发板数据口 P^7  P^6   P^5 P^4   P^3   P^2   P^1   P^0
   6          
   7          所以用第32行八位数据反向排列
   8          也可以用一下函数
   9          unsigned char Convert(unsigned char In_Date)
  10          {
  11              unsigned char i, Out_Date = 0, temp = 0;
  12              for(i=0; i<8; i++)
  13              {
  14                  temp = (In_Date >> i) & 0x01;
  15                  Out_Date |= (temp << (7 - i));
  16              }
  17              return Out_Date;
  18          }
  19          
  20          
  21          **********************************************************************/
  22          
  23          #include<reg52.h>
  24          #define uchar unsigned char
  25          #define uint unsigned int
  26          uchar code table[]="We are SPMT";            //第一行显示的内容
  27          uchar code table2[]="A super team";             //第二行显示的内容   
  28          sbit lcd_en=P0^2;                   //使能端   E
  29          sbit lcd_rw=P0^1;                   //读/写数据口
  30          sbit lcd_rs=P0^0;                   
  31          
  32          void delay(uint z)                    //延时函数
  33          {
  34   1        uint x,y;
  35   1        for(x=z;x>0;x--)
  36   1          for(y=110;y>0;y--);
  37   1      }
  38          
  39          void write_com(uchar com)               //写命令函数
  40          {
  41   1        //uchar xx;
  42   1        lcd_rs=0;
  43   1        //xx=com;
  44   1        //P0=((xx<<7)&0x80)|((xx<<5)&0x40)|((xx<<3)&0x20)|((xx<<1)&0x10)|((xx>>7)&0x01)|((xx>>5)&0x02)|((xx>>3)&0
             -x04)|((xx>>1)&0x08);
  45   1        P1=com;
  46   1        delay(5);
  47   1        lcd_en=1;
  48   1        delay(5);
  49   1        lcd_en=0;
  50   1      
  51   1      }
  52          
  53          void write_date(uchar date)             //写数据函数
  54          {
C51 COMPILER V9.51   LCD                                                                   08/04/2017 16:59:19 PAGE 2   

  55   1        //uchar xx;
  56   1        lcd_rs=1;
  57   1        //xx=date;
  58   1        //P0=((xx<<7)&0x80)|((xx<<5)&0x40)|((xx<<3)&0x20)|((xx<<1)&0x10)|((xx>>7)&0x01)|((xx>>5)&0x02)|((xx>>3)&0
             -x04)|((xx>>1)&0x08);
  59   1        P1=date;
  60   1        delay(5);
  61   1        lcd_en=1;
  62   1        delay(5);
  63   1        lcd_en=0;
  64   1      
  65   1      }
  66          
  67          void init()                       //初始话函数
  68          {
  69   1         lcd_rw=0;
  70   1         lcd_en=0;
  71   1         write_com(0x38);
  72   1         write_com(0x0c);
  73   1         write_com(0x06);
  74   1         write_com(0x01);
  75   1      
  76   1      }
  77          
  78          void display()                       //显示部分
  79          {
  80   1        uchar num,num2;
  81   1        write_com(0x80+0x03);                //第一行显示位置
  82   1        for(num=0;num<11;num++)                //第一行显示内容
  83   1          write_date(table[num]);
  84   1      
  85   1         write_com(0x80+0x42);                  //第二行显示位置
  86   1          for(num2=0;num2<12;num2++)               //第二行显示内容
  87   1            write_date(table2[num2]);
  88   1      
  89   1      }
  90          
  91          void main()
  92          {
  93   1         init();
  94   1        display();
  95   1         while(1);
  96   1      }


MODULE INFORMATION:   STATIC OVERLAYABLE
   CODE SIZE        =    134    ----
   CONSTANT SIZE    =     25    ----
   XDATA SIZE       =   ----    ----
   PDATA SIZE       =   ----    ----
   DATA SIZE        =   ----    ----
   IDATA SIZE       =   ----    ----
   BIT SIZE         =   ----    ----
END OF MODULE INFORMATION.


C51 COMPILATION COMPLETE.  0 WARNING(S),  0 ERROR(S)
